<?xml version="1.0" encoding="UTF-8"?>
<coverage generated="1575230557857" clover="3.2.0">
  <project timestamp="1575230557857" name="All files">
    <metrics statements="74" coveredstatements="74" conditionals="88" coveredconditionals="84" methods="6" coveredmethods="6" elements="168" coveredelements="164" complexity="0" loc="74" ncloc="74" packages="1" files="1" classes="1"/>
    <file name="purchaseOrder2F19.js" path="/Users/tomiwaademidun/Desktop/tomiwa/codeproj/school/se4452a-testing/se4452a-testing-lab3/purchaseOrder2F19.js">
      <metrics statements="74" coveredstatements="74" conditionals="88" coveredconditionals="84" methods="6" coveredmethods="6"/>
      <line num="1" count="1" type="stmt"/>
      <line num="4" count="16" type="cond" truecount="4" falsecount="0"/>
      <line num="6" count="1" type="stmt"/>
      <line num="8" count="15" type="cond" truecount="2" falsecount="0"/>
      <line num="10" count="7" type="stmt"/>
      <line num="12" count="8" type="cond" truecount="2" falsecount="0"/>
      <line num="14" count="4" type="stmt"/>
      <line num="16" count="4" type="cond" truecount="2" falsecount="0"/>
      <line num="18" count="1" type="stmt"/>
      <line num="20" count="3" type="cond" truecount="2" falsecount="0"/>
      <line num="22" count="1" type="stmt"/>
      <line num="24" count="2" type="cond" truecount="1" falsecount="1"/>
      <line num="26" count="2" type="stmt"/>
      <line num="28" count="16" type="stmt"/>
      <line num="31" count="1" type="stmt"/>
      <line num="35" count="16" type="cond" truecount="4" falsecount="0"/>
      <line num="37" count="1" type="stmt"/>
      <line num="39" count="15" type="cond" truecount="2" falsecount="0"/>
      <line num="41" count="1" type="stmt"/>
      <line num="43" count="14" type="cond" truecount="2" falsecount="0"/>
      <line num="45" count="7" type="stmt"/>
      <line num="47" count="7" type="cond" truecount="2" falsecount="0"/>
      <line num="49" count="4" type="stmt"/>
      <line num="51" count="3" type="cond" truecount="2" falsecount="0"/>
      <line num="53" count="1" type="stmt"/>
      <line num="55" count="2" type="cond" truecount="1" falsecount="1"/>
      <line num="57" count="2" type="stmt"/>
      <line num="59" count="16" type="stmt"/>
      <line num="62" count="1" type="stmt"/>
      <line num="64" count="16" type="stmt"/>
      <line num="66" count="16" type="stmt"/>
      <line num="68" count="16" type="stmt"/>
      <line num="70" count="16" type="cond" truecount="2" falsecount="0"/>
      <line num="72" count="1" type="stmt"/>
      <line num="74" count="15" type="cond" truecount="2" falsecount="0"/>
      <line num="76" count="4" type="stmt"/>
      <line num="79" count="11" type="cond" truecount="2" falsecount="0"/>
      <line num="81" count="7" type="stmt"/>
      <line num="83" count="4" type="cond" truecount="2" falsecount="0"/>
      <line num="85" count="1" type="stmt"/>
      <line num="89" count="3" type="stmt"/>
      <line num="92" count="1" type="stmt"/>
      <line num="95" count="16" type="cond" truecount="4" falsecount="0"/>
      <line num="97" count="1" type="stmt"/>
      <line num="100" count="15" type="cond" truecount="2" falsecount="0"/>
      <line num="102" count="1" type="stmt"/>
      <line num="104" count="14" type="cond" truecount="1" falsecount="1"/>
      <line num="106" count="14" type="stmt"/>
      <line num="108" count="15" type="cond" truecount="2" falsecount="0"/>
      <line num="110" count="5" type="stmt"/>
      <line num="112" count="10" type="stmt"/>
      <line num="115" count="1" type="stmt"/>
      <line num="118" count="16" type="stmt"/>
      <line num="119" count="25" type="cond" truecount="2" falsecount="0"/>
      <line num="120" count="15" type="stmt"/>
      <line num="122" count="15" type="cond" truecount="2" falsecount="0"/>
      <line num="123" count="8" type="stmt"/>
      <line num="125" count="7" type="cond" truecount="2" falsecount="0"/>
      <line num="126" count="3" type="stmt"/>
      <line num="128" count="4" type="stmt"/>
      <line num="131" count="1" type="stmt"/>
      <line num="134" count="1" type="stmt"/>
      <line num="137" count="16" type="stmt"/>
      <line num="139" count="16" type="stmt"/>
      <line num="141" count="16" type="stmt"/>
      <line num="143" count="16" type="cond" truecount="2" falsecount="0"/>
      <line num="148" count="6" type="stmt"/>
      <line num="150" count="10" type="cond" truecount="9" falsecount="0"/>
      <line num="153" count="5" type="stmt"/>
      <line num="156" count="5" type="cond" truecount="7" falsecount="0"/>
      <line num="158" count="2" type="stmt"/>
      <line num="160" count="3" type="cond" truecount="7" falsecount="1"/>
      <line num="162" count="3" type="stmt"/>
      <line num="167" count="1" type="stmt"/>
    </file>
  </project>
</coverage>
