{"/Users/tomiwaademidun/Desktop/tomiwa/codeproj/school/se4452a-testing/se4452a-testing-lab3/purchaseOrder2F19.js": {"path":"/Users/tomiwaademidun/Desktop/tomiwa/codeproj/school/se4452a-testing/se4452a-testing-lab3/purchaseOrder2F19.js","statementMap":{"0":{"start":{"line":1,"column":19},"end":{"line":30,"column":1}},"1":{"start":{"line":4,"column":4},"end":{"line":26,"column":19}},"2":{"start":{"line":6,"column":8},"end":{"line":6,"column":18}},"3":{"start":{"line":8,"column":10},"end":{"line":26,"column":19}},"4":{"start":{"line":10,"column":8},"end":{"line":10,"column":19}},"5":{"start":{"line":12,"column":9},"end":{"line":26,"column":19}},"6":{"start":{"line":14,"column":8},"end":{"line":14,"column":19}},"7":{"start":{"line":16,"column":9},"end":{"line":26,"column":19}},"8":{"start":{"line":18,"column":8},"end":{"line":18,"column":18}},"9":{"start":{"line":20,"column":9},"end":{"line":26,"column":19}},"10":{"start":{"line":22,"column":8},"end":{"line":22,"column":19}},"11":{"start":{"line":24,"column":9},"end":{"line":26,"column":19}},"12":{"start":{"line":26,"column":8},"end":{"line":26,"column":19}},"13":{"start":{"line":28,"column":4},"end":{"line":28,"column":18}},"14":{"start":{"line":31,"column":23},"end":{"line":61,"column":1}},"15":{"start":{"line":35,"column":4},"end":{"line":57,"column":21}},"16":{"start":{"line":37,"column":8},"end":{"line":37,"column":19}},"17":{"start":{"line":39,"column":9},"end":{"line":57,"column":21}},"18":{"start":{"line":41,"column":8},"end":{"line":41,"column":19}},"19":{"start":{"line":43,"column":9},"end":{"line":57,"column":21}},"20":{"start":{"line":45,"column":8},"end":{"line":45,"column":20}},"21":{"start":{"line":47,"column":9},"end":{"line":57,"column":21}},"22":{"start":{"line":49,"column":8},"end":{"line":49,"column":20}},"23":{"start":{"line":51,"column":9},"end":{"line":57,"column":21}},"24":{"start":{"line":53,"column":8},"end":{"line":53,"column":20}},"25":{"start":{"line":55,"column":9},"end":{"line":57,"column":21}},"26":{"start":{"line":57,"column":8},"end":{"line":57,"column":21}},"27":{"start":{"line":59,"column":4},"end":{"line":59,"column":18}},"28":{"start":{"line":62,"column":20},"end":{"line":91,"column":1}},"29":{"start":{"line":64,"column":18},"end":{"line":64,"column":46}},"30":{"start":{"line":66,"column":18},"end":{"line":66,"column":50}},"31":{"start":{"line":68,"column":18},"end":{"line":68,"column":35}},"32":{"start":{"line":70,"column":4},"end":{"line":89,"column":27}},"33":{"start":{"line":72,"column":8},"end":{"line":73,"column":13}},"34":{"start":{"line":74,"column":9},"end":{"line":89,"column":27}},"35":{"start":{"line":76,"column":8},"end":{"line":76,"column":25}},"36":{"start":{"line":79,"column":4},"end":{"line":89,"column":27}},"37":{"start":{"line":81,"column":8},"end":{"line":81,"column":28}},"38":{"start":{"line":83,"column":9},"end":{"line":89,"column":27}},"39":{"start":{"line":85,"column":8},"end":{"line":85,"column":22}},"40":{"start":{"line":89,"column":8},"end":{"line":89,"column":27}},"41":{"start":{"line":92,"column":19},"end":{"line":114,"column":1}},"42":{"start":{"line":95,"column":4},"end":{"line":97,"column":25}},"43":{"start":{"line":97,"column":8},"end":{"line":97,"column":25}},"44":{"start":{"line":100,"column":4},"end":{"line":106,"column":26}},"45":{"start":{"line":102,"column":8},"end":{"line":102,"column":26}},"46":{"start":{"line":104,"column":9},"end":{"line":106,"column":26}},"47":{"start":{"line":106,"column":8},"end":{"line":106,"column":26}},"48":{"start":{"line":108,"column":4},"end":{"line":112,"column":23}},"49":{"start":{"line":110,"column":8},"end":{"line":110,"column":25}},"50":{"start":{"line":112,"column":9},"end":{"line":112,"column":23}},"51":{"start":{"line":115,"column":20},"end":{"line":132,"column":1}},"52":{"start":{"line":118,"column":4},"end":{"line":130,"column":5}},"53":{"start":{"line":118,"column":15},"end":{"line":118,"column":16}},"54":{"start":{"line":119,"column":8},"end":{"line":129,"column":9}},"55":{"start":{"line":120,"column":12},"end":{"line":120,"column":29}},"56":{"start":{"line":122,"column":12},"end":{"line":128,"column":35}},"57":{"start":{"line":123,"column":16},"end":{"line":123,"column":33}},"58":{"start":{"line":125,"column":17},"end":{"line":128,"column":35}},"59":{"start":{"line":126,"column":16},"end":{"line":126,"column":33}},"60":{"start":{"line":128,"column":17},"end":{"line":128,"column":35}},"61":{"start":{"line":131,"column":4},"end":{"line":131,"column":21}},"62":{"start":{"line":134,"column":20},"end":{"line":165,"column":1}},"63":{"start":{"line":137,"column":16},"end":{"line":137,"column":45}},"64":{"start":{"line":139,"column":16},"end":{"line":139,"column":60}},"65":{"start":{"line":141,"column":16},"end":{"line":141,"column":67}},"66":{"start":{"line":143,"column":4},"end":{"line":162,"column":25}},"67":{"start":{"line":148,"column":8},"end":{"line":148,"column":26}},"68":{"start":{"line":150,"column":9},"end":{"line":162,"column":25}},"69":{"start":{"line":153,"column":8},"end":{"line":153,"column":26}},"70":{"start":{"line":156,"column":9},"end":{"line":162,"column":25}},"71":{"start":{"line":158,"column":8},"end":{"line":158,"column":29}},"72":{"start":{"line":160,"column":9},"end":{"line":162,"column":25}},"73":{"start":{"line":162,"column":8},"end":{"line":162,"column":25}},"74":{"start":{"line":167,"column":0},"end":{"line":170,"column":2}}},"fnMap":{"0":{"name":"(anonymous_0)","decl":{"start":{"line":1,"column":19},"end":{"line":1,"column":20}},"loc":{"start":{"line":1,"column":44},"end":{"line":30,"column":1}},"line":1},"1":{"name":"(anonymous_1)","decl":{"start":{"line":31,"column":23},"end":{"line":31,"column":24}},"loc":{"start":{"line":31,"column":49},"end":{"line":61,"column":1}},"line":31},"2":{"name":"(anonymous_2)","decl":{"start":{"line":62,"column":20},"end":{"line":62,"column":21}},"loc":{"start":{"line":62,"column":46},"end":{"line":91,"column":1}},"line":62},"3":{"name":"(anonymous_3)","decl":{"start":{"line":92,"column":19},"end":{"line":92,"column":20}},"loc":{"start":{"line":92,"column":60},"end":{"line":114,"column":1}},"line":92},"4":{"name":"(anonymous_4)","decl":{"start":{"line":115,"column":20},"end":{"line":115,"column":21}},"loc":{"start":{"line":115,"column":68},"end":{"line":132,"column":1}},"line":115},"5":{"name":"(anonymous_5)","decl":{"start":{"line":134,"column":20},"end":{"line":134,"column":21}},"loc":{"start":{"line":134,"column":98},"end":{"line":165,"column":1}},"line":134}},"branchMap":{"0":{"loc":{"start":{"line":4,"column":4},"end":{"line":26,"column":19}},"type":"if","locations":[{"start":{"line":4,"column":4},"end":{"line":26,"column":19}},{"start":{"line":4,"column":4},"end":{"line":26,"column":19}}],"line":4},"1":{"loc":{"start":{"line":4,"column":8},"end":{"line":4,"column":57}},"type":"binary-expr","locations":[{"start":{"line":4,"column":8},"end":{"line":4,"column":29}},{"start":{"line":4,"column":33},"end":{"line":4,"column":57}}],"line":4},"2":{"loc":{"start":{"line":8,"column":10},"end":{"line":26,"column":19}},"type":"if","locations":[{"start":{"line":8,"column":10},"end":{"line":26,"column":19}},{"start":{"line":8,"column":10},"end":{"line":26,"column":19}}],"line":8},"3":{"loc":{"start":{"line":12,"column":9},"end":{"line":26,"column":19}},"type":"if","locations":[{"start":{"line":12,"column":9},"end":{"line":26,"column":19}},{"start":{"line":12,"column":9},"end":{"line":26,"column":19}}],"line":12},"4":{"loc":{"start":{"line":16,"column":9},"end":{"line":26,"column":19}},"type":"if","locations":[{"start":{"line":16,"column":9},"end":{"line":26,"column":19}},{"start":{"line":16,"column":9},"end":{"line":26,"column":19}}],"line":16},"5":{"loc":{"start":{"line":20,"column":9},"end":{"line":26,"column":19}},"type":"if","locations":[{"start":{"line":20,"column":9},"end":{"line":26,"column":19}},{"start":{"line":20,"column":9},"end":{"line":26,"column":19}}],"line":20},"6":{"loc":{"start":{"line":24,"column":9},"end":{"line":26,"column":19}},"type":"if","locations":[{"start":{"line":24,"column":9},"end":{"line":26,"column":19}},{"start":{"line":24,"column":9},"end":{"line":26,"column":19}}],"line":24},"7":{"loc":{"start":{"line":35,"column":4},"end":{"line":57,"column":21}},"type":"if","locations":[{"start":{"line":35,"column":4},"end":{"line":57,"column":21}},{"start":{"line":35,"column":4},"end":{"line":57,"column":21}}],"line":35},"8":{"loc":{"start":{"line":35,"column":8},"end":{"line":35,"column":67}},"type":"binary-expr","locations":[{"start":{"line":35,"column":8},"end":{"line":35,"column":34}},{"start":{"line":35,"column":38},"end":{"line":35,"column":67}}],"line":35},"9":{"loc":{"start":{"line":39,"column":9},"end":{"line":57,"column":21}},"type":"if","locations":[{"start":{"line":39,"column":9},"end":{"line":57,"column":21}},{"start":{"line":39,"column":9},"end":{"line":57,"column":21}}],"line":39},"10":{"loc":{"start":{"line":43,"column":9},"end":{"line":57,"column":21}},"type":"if","locations":[{"start":{"line":43,"column":9},"end":{"line":57,"column":21}},{"start":{"line":43,"column":9},"end":{"line":57,"column":21}}],"line":43},"11":{"loc":{"start":{"line":47,"column":9},"end":{"line":57,"column":21}},"type":"if","locations":[{"start":{"line":47,"column":9},"end":{"line":57,"column":21}},{"start":{"line":47,"column":9},"end":{"line":57,"column":21}}],"line":47},"12":{"loc":{"start":{"line":51,"column":9},"end":{"line":57,"column":21}},"type":"if","locations":[{"start":{"line":51,"column":9},"end":{"line":57,"column":21}},{"start":{"line":51,"column":9},"end":{"line":57,"column":21}}],"line":51},"13":{"loc":{"start":{"line":55,"column":9},"end":{"line":57,"column":21}},"type":"if","locations":[{"start":{"line":55,"column":9},"end":{"line":57,"column":21}},{"start":{"line":55,"column":9},"end":{"line":57,"column":21}}],"line":55},"14":{"loc":{"start":{"line":70,"column":4},"end":{"line":89,"column":27}},"type":"if","locations":[{"start":{"line":70,"column":4},"end":{"line":89,"column":27}},{"start":{"line":70,"column":4},"end":{"line":89,"column":27}}],"line":70},"15":{"loc":{"start":{"line":74,"column":9},"end":{"line":89,"column":27}},"type":"if","locations":[{"start":{"line":74,"column":9},"end":{"line":89,"column":27}},{"start":{"line":74,"column":9},"end":{"line":89,"column":27}}],"line":74},"16":{"loc":{"start":{"line":79,"column":4},"end":{"line":89,"column":27}},"type":"if","locations":[{"start":{"line":79,"column":4},"end":{"line":89,"column":27}},{"start":{"line":79,"column":4},"end":{"line":89,"column":27}}],"line":79},"17":{"loc":{"start":{"line":83,"column":9},"end":{"line":89,"column":27}},"type":"if","locations":[{"start":{"line":83,"column":9},"end":{"line":89,"column":27}},{"start":{"line":83,"column":9},"end":{"line":89,"column":27}}],"line":83},"18":{"loc":{"start":{"line":95,"column":4},"end":{"line":97,"column":25}},"type":"if","locations":[{"start":{"line":95,"column":4},"end":{"line":97,"column":25}},{"start":{"line":95,"column":4},"end":{"line":97,"column":25}}],"line":95},"19":{"loc":{"start":{"line":95,"column":8},"end":{"line":95,"column":70}},"type":"binary-expr","locations":[{"start":{"line":95,"column":8},"end":{"line":95,"column":36}},{"start":{"line":95,"column":40},"end":{"line":95,"column":70}}],"line":95},"20":{"loc":{"start":{"line":100,"column":4},"end":{"line":106,"column":26}},"type":"if","locations":[{"start":{"line":100,"column":4},"end":{"line":106,"column":26}},{"start":{"line":100,"column":4},"end":{"line":106,"column":26}}],"line":100},"21":{"loc":{"start":{"line":104,"column":9},"end":{"line":106,"column":26}},"type":"if","locations":[{"start":{"line":104,"column":9},"end":{"line":106,"column":26}},{"start":{"line":104,"column":9},"end":{"line":106,"column":26}}],"line":104},"22":{"loc":{"start":{"line":108,"column":4},"end":{"line":112,"column":23}},"type":"if","locations":[{"start":{"line":108,"column":4},"end":{"line":112,"column":23}},{"start":{"line":108,"column":4},"end":{"line":112,"column":23}}],"line":108},"23":{"loc":{"start":{"line":119,"column":8},"end":{"line":129,"column":9}},"type":"if","locations":[{"start":{"line":119,"column":8},"end":{"line":129,"column":9}},{"start":{"line":119,"column":8},"end":{"line":129,"column":9}}],"line":119},"24":{"loc":{"start":{"line":122,"column":12},"end":{"line":128,"column":35}},"type":"if","locations":[{"start":{"line":122,"column":12},"end":{"line":128,"column":35}},{"start":{"line":122,"column":12},"end":{"line":128,"column":35}}],"line":122},"25":{"loc":{"start":{"line":125,"column":17},"end":{"line":128,"column":35}},"type":"if","locations":[{"start":{"line":125,"column":17},"end":{"line":128,"column":35}},{"start":{"line":125,"column":17},"end":{"line":128,"column":35}}],"line":125},"26":{"loc":{"start":{"line":143,"column":4},"end":{"line":162,"column":25}},"type":"if","locations":[{"start":{"line":143,"column":4},"end":{"line":162,"column":25}},{"start":{"line":143,"column":4},"end":{"line":162,"column":25}}],"line":143},"27":{"loc":{"start":{"line":144,"column":8},"end":{"line":147,"column":55}},"type":"binary-expr","locations":[{"start":{"line":144,"column":9},"end":{"line":144,"column":56}},{"start":{"line":145,"column":9},"end":{"line":145,"column":32}},{"start":{"line":145,"column":37},"end":{"line":145,"column":57}},{"start":{"line":145,"column":62},"end":{"line":145,"column":82}},{"start":{"line":145,"column":86},"end":{"line":145,"column":106}},{"start":{"line":146,"column":9},"end":{"line":146,"column":29}},{"start":{"line":146,"column":33},"end":{"line":146,"column":50}},{"start":{"line":146,"column":54},"end":{"line":146,"column":74}},{"start":{"line":147,"column":9},"end":{"line":147,"column":29}},{"start":{"line":147,"column":33},"end":{"line":147,"column":53}}],"line":144},"28":{"loc":{"start":{"line":150,"column":9},"end":{"line":162,"column":25}},"type":"if","locations":[{"start":{"line":150,"column":9},"end":{"line":162,"column":25}},{"start":{"line":150,"column":9},"end":{"line":162,"column":25}}],"line":150},"29":{"loc":{"start":{"line":150,"column":13},"end":{"line":152,"column":108}},"type":"binary-expr","locations":[{"start":{"line":150,"column":14},"end":{"line":150,"column":36}},{"start":{"line":151,"column":9},"end":{"line":151,"column":26}},{"start":{"line":151,"column":30},"end":{"line":151,"column":47}},{"start":{"line":152,"column":11},"end":{"line":152,"column":34}},{"start":{"line":152,"column":38},"end":{"line":152,"column":59}},{"start":{"line":152,"column":64},"end":{"line":152,"column":81}},{"start":{"line":152,"column":85},"end":{"line":152,"column":107}}],"line":150},"30":{"loc":{"start":{"line":156,"column":9},"end":{"line":162,"column":25}},"type":"if","locations":[{"start":{"line":156,"column":9},"end":{"line":162,"column":25}},{"start":{"line":156,"column":9},"end":{"line":162,"column":25}}],"line":156},"31":{"loc":{"start":{"line":156,"column":13},"end":{"line":157,"column":34}},"type":"binary-expr","locations":[{"start":{"line":156,"column":14},"end":{"line":156,"column":31}},{"start":{"line":156,"column":35},"end":{"line":156,"column":56}},{"start":{"line":156,"column":60},"end":{"line":156,"column":83}},{"start":{"line":156,"column":87},"end":{"line":156,"column":107}},{"start":{"line":157,"column":11},"end":{"line":157,"column":33}}],"line":156},"32":{"loc":{"start":{"line":160,"column":9},"end":{"line":162,"column":25}},"type":"if","locations":[{"start":{"line":160,"column":9},"end":{"line":162,"column":25}},{"start":{"line":160,"column":9},"end":{"line":162,"column":25}}],"line":160},"33":{"loc":{"start":{"line":160,"column":13},"end":{"line":161,"column":77}},"type":"binary-expr","locations":[{"start":{"line":160,"column":14},"end":{"line":160,"column":38}},{"start":{"line":160,"column":42},"end":{"line":160,"column":59}},{"start":{"line":160,"column":63},"end":{"line":160,"column":86}},{"start":{"line":161,"column":11},"end":{"line":161,"column":31}},{"start":{"line":161,"column":35},"end":{"line":161,"column":52}},{"start":{"line":161,"column":56},"end":{"line":161,"column":76}}],"line":160}},"s":{"0":1,"1":16,"2":1,"3":15,"4":7,"5":8,"6":4,"7":4,"8":1,"9":3,"10":1,"11":2,"12":2,"13":16,"14":1,"15":16,"16":1,"17":15,"18":1,"19":14,"20":7,"21":7,"22":4,"23":3,"24":1,"25":2,"26":2,"27":16,"28":1,"29":16,"30":16,"31":16,"32":16,"33":1,"34":15,"35":4,"36":11,"37":7,"38":4,"39":1,"40":3,"41":1,"42":16,"43":1,"44":15,"45":1,"46":14,"47":14,"48":15,"49":5,"50":10,"51":1,"52":16,"53":16,"54":25,"55":15,"56":15,"57":8,"58":7,"59":3,"60":4,"61":1,"62":1,"63":16,"64":16,"65":16,"66":16,"67":6,"68":10,"69":5,"70":5,"71":2,"72":3,"73":3,"74":1},"f":{"0":16,"1":16,"2":16,"3":16,"4":16,"5":16},"b":{"0":[1,15],"1":[16,15],"2":[7,8],"3":[4,4],"4":[1,3],"5":[1,2],"6":[2,0],"7":[1,15],"8":[16,15],"9":[1,14],"10":[7,7],"11":[4,3],"12":[1,2],"13":[2,0],"14":[1,15],"15":[4,11],"16":[7,4],"17":[1,3],"18":[1,15],"19":[16,15],"20":[1,14],"21":[14,0],"22":[5,10],"23":[15,10],"24":[8,7],"25":[3,4],"26":[6,10],"27":[16,14,7,3,2,12,4,4,10,2],"28":[5,5],"29":[10,8,1,8,3,7,6],"30":[2,3],"31":[5,1,4,3,1],"32":[3,0],"33":[3,2,2,1,1,1]},"_coverageSchema":"43e27e138ebf9cfc5966b082cf9a028302ed4184","hash":"cb54fa32133c4004754714d4a6ffd96271cdd17e"}
}
