TN:
SF:/Users/tomiwaademidun/Desktop/tomiwa/codeproj/school/se4452a-testing/se4452a-testing-lab3/purchaseOrder2F19.js
FN:1,(anonymous_0)
FN:31,(anonymous_1)
FN:62,(anonymous_2)
FN:92,(anonymous_3)
FN:115,(anonymous_4)
FN:134,(anonymous_5)
FNF:6
FNH:6
FNDA:16,(anonymous_0)
FNDA:16,(anonymous_1)
FNDA:16,(anonymous_2)
FNDA:16,(anonymous_3)
FNDA:16,(anonymous_4)
FNDA:16,(anonymous_5)
DA:1,1
DA:4,16
DA:6,1
DA:8,15
DA:10,7
DA:12,8
DA:14,4
DA:16,4
DA:18,1
DA:20,3
DA:22,1
DA:24,2
DA:26,2
DA:28,16
DA:31,1
DA:35,16
DA:37,1
DA:39,15
DA:41,1
DA:43,14
DA:45,7
DA:47,7
DA:49,4
DA:51,3
DA:53,1
DA:55,2
DA:57,2
DA:59,16
DA:62,1
DA:64,16
DA:66,16
DA:68,16
DA:70,16
DA:72,1
DA:74,15
DA:76,4
DA:79,11
DA:81,7
DA:83,4
DA:85,1
DA:89,3
DA:92,1
DA:95,16
DA:97,1
DA:100,15
DA:102,1
DA:104,14
DA:106,14
DA:108,15
DA:110,5
DA:112,10
DA:115,1
DA:118,16
DA:119,25
DA:120,15
DA:122,15
DA:123,8
DA:125,7
DA:126,3
DA:128,4
DA:131,1
DA:134,1
DA:137,16
DA:139,16
DA:141,16
DA:143,16
DA:148,6
DA:150,10
DA:153,5
DA:156,5
DA:158,2
DA:160,3
DA:162,3
DA:167,1
LF:74
LH:74
BRDA:4,0,0,1
BRDA:4,0,1,15
BRDA:4,1,0,16
BRDA:4,1,1,15
BRDA:8,2,0,7
BRDA:8,2,1,8
BRDA:12,3,0,4
BRDA:12,3,1,4
BRDA:16,4,0,1
BRDA:16,4,1,3
BRDA:20,5,0,1
BRDA:20,5,1,2
BRDA:24,6,0,2
BRDA:24,6,1,0
BRDA:35,7,0,1
BRDA:35,7,1,15
BRDA:35,8,0,16
BRDA:35,8,1,15
BRDA:39,9,0,1
BRDA:39,9,1,14
BRDA:43,10,0,7
BRDA:43,10,1,7
BRDA:47,11,0,4
BRDA:47,11,1,3
BRDA:51,12,0,1
BRDA:51,12,1,2
BRDA:55,13,0,2
BRDA:55,13,1,0
BRDA:70,14,0,1
BRDA:70,14,1,15
BRDA:74,15,0,4
BRDA:74,15,1,11
BRDA:79,16,0,7
BRDA:79,16,1,4
BRDA:83,17,0,1
BRDA:83,17,1,3
BRDA:95,18,0,1
BRDA:95,18,1,15
BRDA:95,19,0,16
BRDA:95,19,1,15
BRDA:100,20,0,1
BRDA:100,20,1,14
BRDA:104,21,0,14
BRDA:104,21,1,0
BRDA:108,22,0,5
BRDA:108,22,1,10
BRDA:119,23,0,15
BRDA:119,23,1,10
BRDA:122,24,0,8
BRDA:122,24,1,7
BRDA:125,25,0,3
BRDA:125,25,1,4
BRDA:143,26,0,6
BRDA:143,26,1,10
BRDA:144,27,0,16
BRDA:144,27,1,14
BRDA:144,27,2,7
BRDA:144,27,3,3
BRDA:144,27,4,2
BRDA:144,27,5,12
BRDA:144,27,6,4
BRDA:144,27,7,4
BRDA:144,27,8,10
BRDA:144,27,9,2
BRDA:150,28,0,5
BRDA:150,28,1,5
BRDA:150,29,0,10
BRDA:150,29,1,8
BRDA:150,29,2,1
BRDA:150,29,3,8
BRDA:150,29,4,3
BRDA:150,29,5,7
BRDA:150,29,6,6
BRDA:156,30,0,2
BRDA:156,30,1,3
BRDA:156,31,0,5
BRDA:156,31,1,1
BRDA:156,31,2,4
BRDA:156,31,3,3
BRDA:156,31,4,1
BRDA:160,32,0,3
BRDA:160,32,1,0
BRDA:160,33,0,3
BRDA:160,33,1,2
BRDA:160,33,2,2
BRDA:160,33,3,1
BRDA:160,33,4,1
BRDA:160,33,5,1
BRF:88
BRH:84
end_of_record
